<?xml version="1.0" encoding="utf-8" standalone="no"?>
<!--This file represents the results of running a test suite-->
<test-results name="BingoCoreTest/bin/Debug/BingoCoreTest.dll" total="1" failures="0" not-run="0" date="2012-09-28" time="15:33:03">
  <environment nunit-version="2.4.8.0" clr-version="2.0.50727.1433" os-version="Unix 12.2.0.0" platform="Unix" cwd="/Users/twer/Documents/mono_space/Bingo" machine-name="twers-MacBook-Pro-6.local" user="twer" user-domain="twers-MacBook-Pro-6.local" />
  <culture-info current-culture="" current-uiculture="" />
  <test-suite name="BingoCoreTest/bin/Debug/BingoCoreTest.dll" success="True" time="0.036" asserts="0">
    <results>
      <test-suite name="BingoCoreTest" success="True" time="0.032" asserts="0">
        <results>
          <test-suite name="PersobObjectTest" success="True" time="0.008" asserts="0">
            <results>
              <test-case name="BingoCoreTest.PersobObjectTest.TestGetRoles" executed="True" success="True" time="0.006" asserts="2" />
            </results>
          </test-suite>
        </results>
      </test-suite>
    </results>
  </test-suite>
</test-results>